2025-08-21 02:49:17,538 - INFO - Initializing with initial scrape...
2025-08-21 02:49:17,881 - INFO - Successfully scraped Lululemon product: Down for It All Hoodie | Men's Coats & Jackets | lululemon - $228USD
2025-08-21 02:49:18,134 - INFO - Successfully scraped Lululemon product: Pace Breaker Jacket | Men's Coats & Jackets | lululemon - $168USD
2025-08-21 02:49:18,864 - INFO - Successfully scraped Nike product: Nike Unlimited Men's Repel Hooded Versatile Jacket - $110USD
2025-08-21 02:49:18,932 - WARNING -  * Debugger is active!
2025-08-21 02:49:18,944 - INFO -  * Debugger PIN: 128-951-659
2025-08-21 02:49:46,656 - INFO -  * Detected change in '/home/azhou112/SaleTracker/web_app.py', reloading
2025-08-21 02:49:47,167 - INFO - Initializing with initial scrape...
2025-08-21 02:49:47,414 - INFO - Successfully scraped Lululemon product: Down for It All Hoodie | Men's Coats & Jackets | lululemon - $228USD
2025-08-21 02:49:47,883 - INFO - Successfully scraped Lululemon product: Pace Breaker Jacket | Men's Coats & Jackets | lululemon - $168USD
2025-08-21 02:49:48,772 - INFO - Successfully scraped Nike product: Nike Unlimited Men's Repel Hooded Versatile Jacket - $110USD
2025-08-21 02:49:48,796 - WARNING -  * Debugger is active!
2025-08-21 02:49:48,798 - INFO -  * Debugger PIN: 128-951-659
2025-08-21 02:52:00,977 - INFO -  * Detected change in '/home/azhou112/SaleTracker/web_app.py', reloading
2025-08-21 02:52:01,400 - INFO - Initializing with initial scrape...
2025-08-21 02:52:01,714 - INFO - Successfully scraped Lululemon product: Down for It All Hoodie | Men's Coats & Jackets | lululemon - $228USD
2025-08-21 02:52:01,926 - INFO - Successfully scraped Lululemon product: Pace Breaker Jacket | Men's Coats & Jackets | lululemon - $168USD
2025-08-21 02:52:03,461 - INFO - Successfully scraped Nike product: Nike Unlimited Men's Repel Hooded Versatile Jacket - $110USD
2025-08-21 02:52:03,490 - WARNING -  * Debugger is active!
2025-08-21 02:52:03,492 - INFO -  * Debugger PIN: 128-951-659
2025-08-21 02:52:24,590 - INFO - Initializing with initial scrape...
2025-08-21 02:52:34,312 - INFO - Successfully scraped Lululemon product: Down for It All Hoodie | Men's Coats & Jackets | lululemon - $228USD
2025-08-21 02:52:24,570 - INFO - Successfully scraped Lululemon product: Pace Breaker Jacket | Men's Coats & Jackets | lululemon - $168USD
2025-08-21 02:52:25,973 - INFO - Successfully scraped Nike product: Nike Unlimited Men's Repel Hooded Versatile Jacket - $110USD
2025-08-21 02:52:26,008 - INFO - [31m[1mWARNING: This is a development server. Do not use it in a production deployment. Use a production WSGI server instead.[0m
 * Running on all addresses (0.0.0.0)
 * Running on http://127.0.0.1:5000
 * Running on http://172.17.101.21:5000
2025-08-21 02:52:26,008 - INFO - [33mPress CTRL+C to quit[0m
2025-08-21 02:52:26,008 - INFO -  * Restarting with stat
2025-08-21 02:52:26,385 - INFO - Initializing with initial scrape...
2025-08-21 02:52:26,610 - INFO - Successfully scraped Lululemon product: Down for It All Hoodie | Men's Coats & Jackets | lululemon - $228USD
2025-08-21 02:52:26,858 - INFO - Successfully scraped Lululemon product: Pace Breaker Jacket | Men's Coats & Jackets | lululemon - $168USD
2025-08-21 02:52:27,529 - INFO - Successfully scraped Nike product: Nike Unlimited Men's Repel Hooded Versatile Jacket - $110USD
2025-08-21 02:52:27,572 - WARNING -  * Debugger is active!
2025-08-21 02:52:27,576 - INFO -  * Debugger PIN: 128-951-659
2025-08-21 02:52:35,481 - INFO - 127.0.0.1 - - [21/Aug/2025 02:52:35] "GET /api/subscriptions HTTP/1.1" 200 -
2025-08-21 02:52:43,967 - INFO - 127.0.0.1 - - [21/Aug/2025 02:52:43] "POST /api/subscriptions HTTP/1.1" 200 -
2025-08-21 02:52:53,707 - INFO - 127.0.0.1 - - [21/Aug/2025 02:52:53] "GET /api/subscriptions?email=testuser@example.com HTTP/1.1" 200 -
2025-08-21 02:53:02,035 - INFO - No personalized products for dingandy28@gmail.com, using global config list
2025-08-21 02:53:02,445 - INFO - Successfully scraped Lululemon product: Down for It All Hoodie | Men's Coats & Jackets | lululemon - $228USD
2025-08-21 02:53:02,750 - INFO - Successfully scraped Lululemon product: Pace Breaker Jacket | Men's Coats & Jackets | lululemon - $168USD
2025-08-21 02:53:03,400 - INFO - Successfully scraped Nike product: Nike Unlimited Men's Repel Hooded Versatile Jacket - $110USD
2025-08-21 02:53:04,078 - INFO - Personalized email sent to dingandy28@gmail.com
2025-08-21 02:53:04,079 - INFO - No personalized products for svcdaisy@gmail.com, using global config list
2025-08-21 02:53:04,437 - INFO - Successfully scraped Lululemon product: Down for It All Hoodie | Men's Coats & Jackets | lululemon - $228USD
2025-08-21 02:53:14,415 - INFO - Successfully scraped Lululemon product: Pace Breaker Jacket | Men's Coats & Jackets | lululemon - $168USD
2025-08-21 02:53:05,417 - INFO - Successfully scraped Nike product: Nike Unlimited Men's Repel Hooded Versatile Jacket - $110USD
2025-08-21 02:53:05,882 - INFO - Personalized email sent to svcdaisy@gmail.com
2025-08-21 02:53:05,908 - INFO - 127.0.0.1 - - [21/Aug/2025 02:53:05] "GET /api/send-test-email HTTP/1.1" 200 -
2025-08-21 02:55:28,960 - INFO -  * Detected change in '/home/azhou112/SaleTracker/main_improved.py', reloading
2025-08-21 02:55:29,125 - INFO -  * Restarting with stat
2025-08-21 02:55:29,460 - INFO - Initializing with initial scrape...
2025-08-21 02:55:29,851 - INFO - Successfully scraped Lululemon product: Down for It All Hoodie | Men's Coats & Jackets | lululemon - $228USD
2025-08-21 02:55:30,196 - INFO - Successfully scraped Lululemon product: Pace Breaker Jacket | Men's Coats & Jackets | lululemon - $168USD
2025-08-21 02:55:30,779 - INFO - Successfully scraped Nike product: Nike Unlimited Men's Repel Hooded Versatile Jacket - $110USD
2025-08-21 02:55:30,839 - WARNING -  * Debugger is active!
2025-08-21 02:55:30,842 - INFO -  * Debugger PIN: 128-951-659
2025-08-21 02:55:43,406 - INFO -  * Detected change in '/home/azhou112/SaleTracker/main_improved.py', reloading
2025-08-21 02:55:43,527 - INFO -  * Restarting with stat
2025-08-21 02:55:43,881 - INFO - Initializing with initial scrape...
2025-08-21 02:55:44,092 - INFO - Successfully scraped Lululemon product: Down for It All Hoodie | Men's Coats & Jackets | lululemon - $228USD
2025-08-21 02:55:44,288 - INFO - Successfully scraped Lululemon product: Pace Breaker Jacket | Men's Coats & Jackets | lululemon - $168USD
2025-08-21 02:55:45,062 - INFO - Successfully scraped Nike product: Nike Unlimited Men's Repel Hooded Versatile Jacket - $110USD
2025-08-21 02:55:45,088 - WARNING -  * Debugger is active!
2025-08-21 02:55:45,090 - INFO -  * Debugger PIN: 128-951-659
2025-08-21 03:26:20,987 - INFO -  * Detected change in '/home/azhou112/SaleTracker/web_app.py', reloading
2025-08-21 03:26:21,983 - INFO -  * Restarting with stat
2025-08-21 03:26:24,326 - INFO - Initializing with initial scrape...
2025-08-21 03:26:24,737 - INFO - Successfully scraped Lululemon product: Down for It All Hoodie | Men's Coats & Jackets | lululemon - $228USD
2025-08-21 03:26:34,591 - INFO - Successfully scraped Lululemon product: Pace Breaker Jacket | Men's Coats & Jackets | lululemon - $168USD
2025-08-21 03:26:25,392 - INFO - Successfully scraped Nike product: Nike Unlimited Men's Repel Hooded Versatile Jacket - $110USD
2025-08-21 03:26:25,501 - WARNING -  * Debugger is active!
2025-08-21 03:26:25,539 - INFO -  * Debugger PIN: 128-951-659
2025-08-21 03:27:53,337 - INFO -  * Detected change in '/home/azhou112/SaleTracker/web_app.py', reloading
2025-08-21 03:27:53,426 - INFO -  * Restarting with stat
2025-08-21 03:27:54,002 - INFO - Initializing with initial scrape...
2025-08-21 03:27:54,347 - INFO - Successfully scraped Lululemon product: Down for It All Hoodie | Men's Coats & Jackets | lululemon - $228USD
2025-08-21 03:27:54,961 - INFO - Successfully scraped Lululemon product: Pace Breaker Jacket | Men's Coats & Jackets | lululemon - $168USD
2025-08-21 03:27:55,870 - INFO - Successfully scraped Nike product: Nike Unlimited Men's Repel Hooded Versatile Jacket - $110USD
2025-08-21 03:27:55,946 - WARNING -  * Debugger is active!
2025-08-21 03:27:55,957 - INFO -  * Debugger PIN: 128-951-659
2025-08-21 03:42:28,332 - INFO - No personalized products for dingandy28@gmail.com, using global config list
2025-08-21 03:42:28,441 - INFO - Successfully scraped Lululemon product: Down for It All Hoodie | Men's Coats & Jackets | lululemon - $228USD
2025-08-21 03:42:28,685 - INFO - Successfully scraped Lululemon product: Pace Breaker Jacket | Men's Coats & Jackets | lululemon - $168USD
2025-08-21 03:42:29,477 - INFO - Successfully scraped Nike product: Nike Unlimited Men's Repel Hooded Versatile Jacket - $110USD
2025-08-21 03:42:30,256 - INFO - Personalized email sent to dingandy28@gmail.com
2025-08-21 03:42:30,256 - INFO - No personalized products for svcdaisy@gmail.com, using global config list
2025-08-21 03:42:30,688 - INFO - Successfully scraped Lululemon product: Down for It All Hoodie | Men's Coats & Jackets | lululemon - $228USD
2025-08-21 03:42:31,028 - INFO - Successfully scraped Lululemon product: Pace Breaker Jacket | Men's Coats & Jackets | lululemon - $168USD
2025-08-21 03:42:32,030 - INFO - Successfully scraped Nike product: Nike Unlimited Men's Repel Hooded Versatile Jacket - $110USD
2025-08-21 03:42:32,621 - INFO - Personalized email sent to svcdaisy@gmail.com
2025-08-21 03:42:32,660 - INFO - 127.0.0.1 - - [21/Aug/2025 03:42:32] "GET /api/send-test-email HTTP/1.1" 200 -
2025-08-21 03:45:50,407 - INFO - Initializing with initial scrape...
2025-08-21 03:45:50,607 - INFO - Successfully scraped Lululemon product: Down for It All Hoodie | Men's Coats & Jackets | lululemon - $228USD
2025-08-21 03:45:50,944 - INFO - Successfully scraped Lululemon product: Pace Breaker Jacket | Men's Coats & Jackets | lululemon - $168USD
2025-08-21 03:45:52,197 - INFO - Successfully scraped Nike product: Nike Unlimited Men's Repel Hooded Versatile Jacket - $110USD
2025-08-21 03:46:31,205 - INFO - Initializing with initial scrape...
2025-08-21 03:46:31,506 - INFO - Successfully scraped Lululemon product: Down for It All Hoodie | Men's Coats & Jackets | lululemon - $228USD
2025-08-21 03:46:31,778 - INFO - Successfully scraped Lululemon product: Pace Breaker Jacket | Men's Coats & Jackets | lululemon - $168USD
2025-08-21 03:46:32,215 - INFO - Successfully scraped Nike product: Nike Unlimited Men's Repel Hooded Versatile Jacket - $110USD
2025-08-21 03:47:07,980 - INFO - [31m[1mWARNING: This is a development server. Do not use it in a production deployment. Use a production WSGI server instead.[0m
 * Running on all addresses (0.0.0.0)
 * Running on http://127.0.0.1:5000
 * Running on http://172.17.101.21:5000
2025-08-21 03:47:07,982 - INFO - [33mPress CTRL+C to quit[0m
2025-08-21 03:47:11,498 - INFO - No personalized products for dingandy28@gmail.com, using global config list
2025-08-21 03:47:11,826 - INFO - Successfully scraped Lululemon product: Down for It All Hoodie | Men's Coats & Jackets | lululemon - $228USD
2025-08-21 03:47:12,221 - INFO - Successfully scraped Lululemon product: Pace Breaker Jacket | Men's Coats & Jackets | lululemon - $168USD
2025-08-21 03:47:13,993 - INFO - Successfully scraped Nike product: Nike Unlimited Men's Repel Hooded Versatile Jacket - $110USD
2025-08-21 03:47:24,129 - INFO - Personalized email sent to dingandy28@gmail.com
2025-08-21 03:47:24,130 - INFO - No personalized products for svcdaisy@gmail.com, using global config list
2025-08-21 03:47:14,584 - INFO - Successfully scraped Lululemon product: Down for It All Hoodie | Men's Coats & Jackets | lululemon - $228USD
2025-08-21 03:47:14,903 - INFO - Successfully scraped Lululemon product: Pace Breaker Jacket | Men's Coats & Jackets | lululemon - $168USD
2025-08-21 03:47:15,503 - INFO - Successfully scraped Nike product: Nike Unlimited Men's Repel Hooded Versatile Jacket - $110USD
2025-08-21 03:47:16,043 - INFO - Personalized email sent to svcdaisy@gmail.com
2025-08-21 03:47:16,070 - INFO - 127.0.0.1 - - [21/Aug/2025 03:47:16] "GET /api/send-test-email HTTP/1.1" 200 -
2025-08-21 03:50:01,422 - INFO - [31m[1mWARNING: This is a development server. Do not use it in a production deployment. Use a production WSGI server instead.[0m
 * Running on all addresses (0.0.0.0)
 * Running on http://127.0.0.1:5000
 * Running on http://172.17.101.21:5000
2025-08-21 03:50:01,423 - INFO - [33mPress CTRL+C to quit[0m
2025-08-21 03:50:54,708 - INFO - [31m[1mWARNING: This is a development server. Do not use it in a production deployment. Use a production WSGI server instead.[0m
 * Running on all addresses (0.0.0.0)
 * Running on http://127.0.0.1:5000
 * Running on http://172.17.101.21:5000
2025-08-21 03:50:54,708 - INFO - [33mPress CTRL+C to quit[0m
2025-08-21 09:10:32,438 - ERROR - Failed to scrape Lululemon product: HTTPSConnectionPool(host='shop.lululemon.com', port=443): Max retries exceeded with url: /p/mens-jackets-and-outerwear/Down-For-It-All-Hoodie/_/prod9200786?color=0001 (Caused by NameResolutionError("<urllib3.connection.HTTPSConnection object at 0x7fbf3b193200>: Failed to resolve 'shop.lululemon.com' ([Errno -5] No address associated with hostname)"))
2025-08-21 09:10:32,440 - ERROR - Failed to scrape Nike product: HTTPSConnectionPool(host='www.nike.com', port=443): Max retries exceeded with url: /t/unlimited-mens-repel-hooded-versatile-jacket-56pDjs/FB7551-010 (Caused by NameResolutionError("<urllib3.connection.HTTPSConnection object at 0x7fbf3b197440>: Failed to resolve 'www.nike.com' ([Errno -5] No address associated with hostname)"))
2025-08-21 09:10:32,445 - ERROR - Unexpected error scraping Lululemon product: Connection error
2025-08-21 09:10:32,446 - INFO - Successfully scraped Lululemon product: Test Product - $100USD
2025-08-21 09:10:32,447 - WARNING - No JSON-LD data found for Nike product
2025-08-21 09:10:32,448 - INFO - Successfully scraped Nike product: Nike Test Product - $150USD
2025-08-28 07:40:41,661 - INFO - Initializing with initial scrape...
2025-08-28 07:40:41,676 - ERROR - Failed to scrape Lululemon product: HTTPSConnectionPool(host='shop.lululemon.com', port=443): Max retries exceeded with url: /p/mens-jackets-and-outerwear/Down-For-It-All-Hoodie/_/prod9200786?color=0001 (Caused by NameResolutionError("<urllib3.connection.HTTPSConnection object at 0x7f65bd775e50>: Failed to resolve 'shop.lululemon.com' ([Errno -5] No address associated with hostname)"))
2025-08-28 07:40:41,698 - ERROR - Failed to scrape Lululemon product: HTTPSConnectionPool(host='shop.lululemon.com', port=443): Max retries exceeded with url: /p/mens-jackets-and-outerwear/Pace-Breaker-Jacket/_/prod11670131?cid=Google_SHOP_US_NAT_EN_X_BrandShop_Incr-All_OMNI_GEN_Y24_ag-SHOP_G_US_EN_DM_M_GEN_NO_Tops-Jackets&color=0001&gad_campaignid=21471260535&gad_source=1&gbraid=0AAAAADL8Avk5CDt35HKBgpfRSuD0CpJvP&gclid=CjwKCAjwkbzEBhAVEiwA4V-yqpMcLNT4qAeAlXO9G-dH0QPZKbelVx2jrlqZrfrChowBqSPFpaclcxoCx5oQAvD_BwE&gclsrc=aw.ds&locale=en_US&sl=US&sz=S (Caused by NameResolutionError("<urllib3.connection.HTTPSConnection object at 0x7f65bd6d7e30>: Failed to resolve 'shop.lululemon.com' ([Errno -5] No address associated with hostname)"))
2025-08-28 07:40:41,704 - ERROR - Failed to scrape Nike product: HTTPSConnectionPool(host='www.nike.com', port=443): Max retries exceeded with url: /t/unlimited-mens-repel-hooded-versatile-jacket-56pDjs/FB7551-010 (Caused by NameResolutionError("<urllib3.connection.HTTPSConnection object at 0x7f65bd6b45c0>: Failed to resolve 'www.nike.com' ([Errno -5] No address associated with hostname)"))
2025-08-28 07:40:41,718 - INFO - [31m[1mWARNING: This is a development server. Do not use it in a production deployment. Use a production WSGI server instead.[0m
 * Running on all addresses (0.0.0.0)
 * Running on http://127.0.0.1:5000
 * Running on http://10.1.0.135:5000
2025-08-28 07:40:41,718 - INFO - [33mPress CTRL+C to quit[0m
2025-08-28 07:40:41,718 - INFO -  * Restarting with stat
2025-08-28 07:40:41,932 - INFO - Initializing with initial scrape...
2025-08-28 07:40:41,935 - ERROR - Failed to scrape Lululemon product: HTTPSConnectionPool(host='shop.lululemon.com', port=443): Max retries exceeded with url: /p/mens-jackets-and-outerwear/Down-For-It-All-Hoodie/_/prod9200786?color=0001 (Caused by NameResolutionError("<urllib3.connection.HTTPSConnection object at 0x7f1d55a6eae0>: Failed to resolve 'shop.lululemon.com' ([Errno -5] No address associated with hostname)"))
2025-08-28 07:40:41,937 - ERROR - Failed to scrape Lululemon product: HTTPSConnectionPool(host='shop.lululemon.com', port=443): Max retries exceeded with url: /p/mens-jackets-and-outerwear/Pace-Breaker-Jacket/_/prod11670131?cid=Google_SHOP_US_NAT_EN_X_BrandShop_Incr-All_OMNI_GEN_Y24_ag-SHOP_G_US_EN_DM_M_GEN_NO_Tops-Jackets&color=0001&gad_campaignid=21471260535&gad_source=1&gbraid=0AAAAADL8Avk5CDt35HKBgpfRSuD0CpJvP&gclid=CjwKCAjwkbzEBhAVEiwA4V-yqpMcLNT4qAeAlXO9G-dH0QPZKbelVx2jrlqZrfrChowBqSPFpaclcxoCx5oQAvD_BwE&gclsrc=aw.ds&locale=en_US&sl=US&sz=S (Caused by NameResolutionError("<urllib3.connection.HTTPSConnection object at 0x7f1d55a6fad0>: Failed to resolve 'shop.lululemon.com' ([Errno -5] No address associated with hostname)"))
2025-08-28 07:40:41,940 - ERROR - Failed to scrape Nike product: HTTPSConnectionPool(host='www.nike.com', port=443): Max retries exceeded with url: /t/unlimited-mens-repel-hooded-versatile-jacket-56pDjs/FB7551-010 (Caused by NameResolutionError("<urllib3.connection.HTTPSConnection object at 0x7f1d55a50260>: Failed to resolve 'www.nike.com' ([Errno -5] No address associated with hostname)"))
2025-08-28 07:40:41,949 - WARNING -  * Debugger is active!
2025-08-28 07:40:41,951 - INFO -  * Debugger PIN: 227-790-836
2025-08-28 07:40:59,092 - ERROR - Failed to send personalized emails: [Errno -5] No address associated with hostname
2025-08-28 07:40:59,092 - INFO - 127.0.0.1 - - [28/Aug/2025 07:40:59] "POST /api/cron/send HTTP/1.1" 200 -
2025-08-28 07:41:05,261 - INFO - 127.0.0.1 - - [28/Aug/2025 07:41:05] "[31m[1mPOST /api/cron/send HTTP/1.1[0m" 401 -
